========================================================================================
Report      : INFO
Date        : Fri Mar 23 01:06:09 CDT 2018
Description : u_domainNew:Database allocated on heap
Node        : fedora27.lab.local
Process     : Player <24722>
Thread      : spliced 7f82790b1700
Internals   : V6.4.140320OSS/24b1387/24b1387/user::u_domain::u_domainNew/u_domain.c/706/0/1521785169.874872065
========================================================================================
Report      : INFO
Date        : Fri Mar 23 01:06:09 CDT 2018
Description : ---------------------------------------------------------------
              -- The service is using the following configuration settings --
              ---------------------------------------------------------------
              Domain (id)          : ospl_sp_ddsi (0)
              Storage              : 10240 Kbytes
              Storage threshold    : 1024 Kbytes
              Storage address      : Not available
              Locking              : default
              Memory mode          : Heap memory
              Builtin topics       : true
              Priority inheritance : false
Node        : fedora27.lab.local
Process     : Player <24722>
Thread      : spliced 7f82790b1700
Internals   : V6.4.140320OSS/24b1387/24b1387/The OpenSplice domain service/u_domain.c/827/0/1521785169.882364362
========================================================================================
Report      : INFO
Date        : Fri Mar 23 01:06:09 CDT 2018
Description : ++++++++++++++++++++++++++++++++++++++++++++++++
              ++ The service 'splicedaemon' is now operational. 
              ++++++++++++++++++++++++++++++++++++++++++++++++
Node        : fedora27.lab.local
Process     : Player <24722>
Thread      : spliced 7f82790b1700
Internals   : V6.4.140320OSS/24b1387/24b1387/v_serviceChangeState/v_service.c/329/0/1521785169.883400390
========================================================================================
Report      : INFO
Date        : Fri Mar 23 01:06:09 CDT 2018
Description : SOAP service is reachable via port 41639
Node        : fedora27.lab.local
Process     : Player <24722>
Thread      : cmsoap 7f824ffff700
Internals   : V6.4.140320OSS/24b1387/24b1387/CM SOAP Service/cms_service.c/410/0/1521785169.888630037
========================================================================================
Report      : INFO
Date        : Fri Mar 23 01:06:09 CDT 2018
Description : ++++++++++++++++++++++++++++++++++++++++++++++++
              ++ The service 'cmsoap' is now operational. 
              ++++++++++++++++++++++++++++++++++++++++++++++++
Node        : fedora27.lab.local
Process     : Player <24722>
Thread      : cmsoap 7f824ffff700
Internals   : V6.4.140320OSS/24b1387/24b1387/v_serviceChangeState/v_service.c/329/0/1521785169.889411672
========================================================================================
Report      : INFO
Date        : Fri Mar 23 01:06:09 CDT 2018
Description : ++++++++++++++++++++++++++++++++++++++++++++++++
              ++ The service 'ddsi2' is now operational. 
              ++++++++++++++++++++++++++++++++++++++++++++++++
Node        : fedora27.lab.local
Process     : Player <24722>
Thread      : ddsi2 7f824f930700
Internals   : V6.4.140320OSS/24b1387/24b1387/v_serviceChangeState/v_service.c/329/0/1521785169.906609247
========================================================================================
Report      : INFO
Date        : Fri Mar 23 01:06:10 CDT 2018
Description : The durability service can by identified by ID: 1252774241
Node        : fedora27.lab.local
Process     : Player <24722>
Thread      : durability 7f824fc9f700
Internals   : V6.4.140320OSS/24b1387/24b1387/DurabilityService/d_durability.c/476/0/1521785170.811493120
========================================================================================
Report      : INFO
Date        : Fri Mar 23 01:06:17 CDT 2018
Description : ++++++++++++++++++++++++++++++++++++++++++++++++
              ++ The service 'durability' is now operational. 
              ++++++++++++++++++++++++++++++++++++++++++++++++
Node        : fedora27.lab.local
Process     : Player <24722>
Thread      : durability 7f824fc9f700
Internals   : V6.4.140320OSS/24b1387/24b1387/v_serviceChangeState/v_service.c/329/0/1521785177.891107185
========================================================================================
Report      : INFO
Date        : Fri Mar 23 01:06:18 CDT 2018
Description : u_domainNew:Database allocated on heap
Node        : fedora27.lab.local
Process     : Dealer <24807>
Thread      : spliced 7f7c53089700
Internals   : V6.4.140320OSS/24b1387/24b1387/user::u_domain::u_domainNew/u_domain.c/706/0/1521785178.534789710
========================================================================================
Report      : INFO
Date        : Fri Mar 23 01:06:18 CDT 2018
Description : ---------------------------------------------------------------
              -- The service is using the following configuration settings --
              ---------------------------------------------------------------
              Domain (id)          : ospl_sp_ddsi (0)
              Storage              : 10240 Kbytes
              Storage threshold    : 1024 Kbytes
              Storage address      : Not available
              Locking              : default
              Memory mode          : Heap memory
              Builtin topics       : true
              Priority inheritance : false
Node        : fedora27.lab.local
Process     : Dealer <24807>
Thread      : spliced 7f7c53089700
Internals   : V6.4.140320OSS/24b1387/24b1387/The OpenSplice domain service/u_domain.c/827/0/1521785178.539068218
========================================================================================
Report      : INFO
Date        : Fri Mar 23 01:06:18 CDT 2018
Description : ++++++++++++++++++++++++++++++++++++++++++++++++
              ++ The service 'splicedaemon' is now operational. 
              ++++++++++++++++++++++++++++++++++++++++++++++++
Node        : fedora27.lab.local
Process     : Dealer <24807>
Thread      : spliced 7f7c53089700
Internals   : V6.4.140320OSS/24b1387/24b1387/v_serviceChangeState/v_service.c/329/0/1521785178.540110049
========================================================================================
Report      : INFO
Date        : Fri Mar 23 01:06:18 CDT 2018
Description : SOAP service is reachable via port 35387
Node        : fedora27.lab.local
Process     : Dealer <24807>
Thread      : cmsoap 7f7c4e058700
Internals   : V6.4.140320OSS/24b1387/24b1387/CM SOAP Service/cms_service.c/410/0/1521785178.541936818
========================================================================================
Report      : INFO
Date        : Fri Mar 23 01:06:18 CDT 2018
Description : ++++++++++++++++++++++++++++++++++++++++++++++++
              ++ The service 'cmsoap' is now operational. 
              ++++++++++++++++++++++++++++++++++++++++++++++++
Node        : fedora27.lab.local
Process     : Dealer <24807>
Thread      : cmsoap 7f7c4e058700
Internals   : V6.4.140320OSS/24b1387/24b1387/v_serviceChangeState/v_service.c/329/0/1521785178.546903708
========================================================================================
Report      : INFO
Date        : Fri Mar 23 01:06:18 CDT 2018
Description : ++++++++++++++++++++++++++++++++++++++++++++++++
              ++ The service 'ddsi2' is now operational. 
              ++++++++++++++++++++++++++++++++++++++++++++++++
Node        : fedora27.lab.local
Process     : Dealer <24807>
Thread      : ddsi2 7f7c4d967700
Internals   : V6.4.140320OSS/24b1387/24b1387/v_serviceChangeState/v_service.c/329/0/1521785178.552208978
========================================================================================
Report      : INFO
Date        : Fri Mar 23 01:06:18 CDT 2018
Description : The durability service can by identified by ID: 1909443272
Node        : fedora27.lab.local
Process     : Dealer <24807>
Thread      : durability 7f7c4dcf8700
Internals   : V6.4.140320OSS/24b1387/24b1387/DurabilityService/d_durability.c/476/0/1521785178.963841059
========================================================================================
Report      : INFO
Date        : Fri Mar 23 01:06:19 CDT 2018
Description : Exception (signal 11) occurred in process
Node        : fedora27.lab.local
Process     : Dealer <24807>
Thread      : signalHandler 7f7c4eb6f700
Internals   : V6.4.140320OSS/24b1387/24b1387/signalHandlerThread/os_signalHandler.c/447/0/1521785179.741332512
========================================================================================
Report      : WARNING
Date        : Fri Mar 23 01:06:29 CDT 2018
Description : Missed heartbeat for node - heartbeat id : 1909443272. (DCPSPublication state 1)
Node        : fedora27.lab.local
Process     : Player <24722>
Thread      : OSPL Garbage Collector 7f8274589700
Internals   : V6.4.140320OSS/24b1387/24b1387/v_spliced/v_spliced.c/2439/0/1521785189.900325989
========================================================================================
Report      : INFO
Date        : Fri Mar 23 01:06:32 CDT 2018
Description : u_domainNew:Database allocated on heap
Node        : fedora27.lab.local
Process     : Dealer <24920>
Thread      : spliced 7f047044a700
Internals   : V6.4.140320OSS/24b1387/24b1387/user::u_domain::u_domainNew/u_domain.c/706/0/1521785192.753080980
========================================================================================
Report      : INFO
Date        : Fri Mar 23 01:06:32 CDT 2018
Description : ---------------------------------------------------------------
              -- The service is using the following configuration settings --
              ---------------------------------------------------------------
              Domain (id)          : ospl_sp_ddsi (0)
              Storage              : 10240 Kbytes
              Storage threshold    : 1024 Kbytes
              Storage address      : Not available
              Locking              : default
              Memory mode          : Heap memory
              Builtin topics       : true
              Priority inheritance : false
Node        : fedora27.lab.local
Process     : Dealer <24920>
Thread      : spliced 7f047044a700
Internals   : V6.4.140320OSS/24b1387/24b1387/The OpenSplice domain service/u_domain.c/827/0/1521785192.759745872
========================================================================================
Report      : INFO
Date        : Fri Mar 23 01:06:32 CDT 2018
Description : ++++++++++++++++++++++++++++++++++++++++++++++++
              ++ The service 'splicedaemon' is now operational. 
              ++++++++++++++++++++++++++++++++++++++++++++++++
Node        : fedora27.lab.local
Process     : Dealer <24920>
Thread      : spliced 7f047044a700
Internals   : V6.4.140320OSS/24b1387/24b1387/v_serviceChangeState/v_service.c/329/0/1521785192.762452368
========================================================================================
Report      : INFO
Date        : Fri Mar 23 01:06:32 CDT 2018
Description : SOAP service is reachable via port 41691
Node        : fedora27.lab.local
Process     : Dealer <24920>
Thread      : cmsoap 7f046b419700
Internals   : V6.4.140320OSS/24b1387/24b1387/CM SOAP Service/cms_service.c/410/0/1521785192.767474649
========================================================================================
Report      : INFO
Date        : Fri Mar 23 01:06:32 CDT 2018
Description : ++++++++++++++++++++++++++++++++++++++++++++++++
              ++ The service 'cmsoap' is now operational. 
              ++++++++++++++++++++++++++++++++++++++++++++++++
Node        : fedora27.lab.local
Process     : Dealer <24920>
Thread      : cmsoap 7f046b419700
Internals   : V6.4.140320OSS/24b1387/24b1387/v_serviceChangeState/v_service.c/329/0/1521785192.768238006
========================================================================================
Report      : INFO
Date        : Fri Mar 23 01:06:32 CDT 2018
Description : ++++++++++++++++++++++++++++++++++++++++++++++++
              ++ The service 'ddsi2' is now operational. 
              ++++++++++++++++++++++++++++++++++++++++++++++++
Node        : fedora27.lab.local
Process     : Dealer <24920>
Thread      : ddsi2 7f046ad4a700
Internals   : V6.4.140320OSS/24b1387/24b1387/v_serviceChangeState/v_service.c/329/0/1521785192.771974117
========================================================================================
Report      : INFO
Date        : Fri Mar 23 01:06:32 CDT 2018
Description : The durability service can by identified by ID: 1544286060
Node        : fedora27.lab.local
Process     : Dealer <24920>
Thread      : durability 7f046b0b9700
Internals   : V6.4.140320OSS/24b1387/24b1387/DurabilityService/d_durability.c/476/0/1521785192.783979852
========================================================================================
Report      : INFO
Date        : Fri Mar 23 01:06:34 CDT 2018
Description : Exception (signal 11) occurred in process
Node        : fedora27.lab.local
Process     : Dealer <24920>
Thread      : signalHandler 7f046bf30700
Internals   : V6.4.140320OSS/24b1387/24b1387/signalHandlerThread/os_signalHandler.c/447/0/1521785194.020540457
========================================================================================
Report      : INFO
Date        : Fri Mar 23 01:06:37 CDT 2018
Description : Termination request (signal 1) received from PID 24676, UID 1000
Node        : fedora27.lab.local
Process     : Player <24722>
Thread      : signalHandler 7f8274b97700
Internals   : V6.4.140320OSS/24b1387/24b1387/signalHandlerThread/os_signalHandler.c/503/0/1521785197.016541474
========================================================================================
Report      : INFO
Date        : Fri Mar 23 14:18:21 CDT 2018
Description : u_domainNew:Database allocated on heap
Node        : fedora27.lab.local
Process     : Player <25544>
Thread      : spliced 7ff6d1e27700
Internals   : V6.4.140320OSS/24b1387/24b1387/user::u_domain::u_domainNew/u_domain.c/706/0/1521832701.546979199
========================================================================================
Report      : INFO
Date        : Fri Mar 23 14:18:21 CDT 2018
Description : ---------------------------------------------------------------
              -- The service is using the following configuration settings --
              ---------------------------------------------------------------
              Domain (id)          : ospl_sp_ddsi (0)
              Storage              : 10240 Kbytes
              Storage threshold    : 1024 Kbytes
              Storage address      : Not available
              Locking              : default
              Memory mode          : Heap memory
              Builtin topics       : true
              Priority inheritance : false
Node        : fedora27.lab.local
Process     : Player <25544>
Thread      : spliced 7ff6d1e27700
Internals   : V6.4.140320OSS/24b1387/24b1387/The OpenSplice domain service/u_domain.c/827/0/1521832701.551862182
========================================================================================
Report      : INFO
Date        : Fri Mar 23 14:18:21 CDT 2018
Description : ++++++++++++++++++++++++++++++++++++++++++++++++
              ++ The service 'splicedaemon' is now operational. 
              ++++++++++++++++++++++++++++++++++++++++++++++++
Node        : fedora27.lab.local
Process     : Player <25544>
Thread      : spliced 7ff6d1e27700
Internals   : V6.4.140320OSS/24b1387/24b1387/v_serviceChangeState/v_service.c/329/0/1521832701.552811394
========================================================================================
Report      : INFO
Date        : Fri Mar 23 14:18:21 CDT 2018
Description : SOAP service is reachable via port 38681
Node        : fedora27.lab.local
Process     : Player <25544>
Thread      : cmsoap 7ff6ccdf6700
Internals   : V6.4.140320OSS/24b1387/24b1387/CM SOAP Service/cms_service.c/410/0/1521832701.554866198
========================================================================================
Report      : INFO
Date        : Fri Mar 23 14:18:21 CDT 2018
Description : ++++++++++++++++++++++++++++++++++++++++++++++++
              ++ The service 'cmsoap' is now operational. 
              ++++++++++++++++++++++++++++++++++++++++++++++++
Node        : fedora27.lab.local
Process     : Player <25544>
Thread      : cmsoap 7ff6ccdf6700
Internals   : V6.4.140320OSS/24b1387/24b1387/v_serviceChangeState/v_service.c/329/0/1521832701.556407886
========================================================================================
Report      : INFO
Date        : Fri Mar 23 14:18:21 CDT 2018
Description : ++++++++++++++++++++++++++++++++++++++++++++++++
              ++ The service 'ddsi2' is now operational. 
              ++++++++++++++++++++++++++++++++++++++++++++++++
Node        : fedora27.lab.local
Process     : Player <25544>
Thread      : ddsi2 7ff6cc705700
Internals   : V6.4.140320OSS/24b1387/24b1387/v_serviceChangeState/v_service.c/329/0/1521832701.562074482
========================================================================================
Report      : INFO
Date        : Fri Mar 23 14:18:22 CDT 2018
Description : The durability service can by identified by ID: 292786851
Node        : fedora27.lab.local
Process     : Player <25544>
Thread      : durability 7ff6cca96700
Internals   : V6.4.140320OSS/24b1387/24b1387/DurabilityService/d_durability.c/476/0/1521832702.073277780
========================================================================================
Report      : INFO
Date        : Fri Mar 23 14:18:28 CDT 2018
Description : u_domainNew:Database allocated on heap
Node        : fedora27.lab.local
Process     : Dealer <25617>
Thread      : spliced 7f0c280d0700
Internals   : V6.4.140320OSS/24b1387/24b1387/user::u_domain::u_domainNew/u_domain.c/706/0/1521832708.807483228
========================================================================================
Report      : INFO
Date        : Fri Mar 23 14:18:28 CDT 2018
Description : ---------------------------------------------------------------
              -- The service is using the following configuration settings --
              ---------------------------------------------------------------
              Domain (id)          : ospl_sp_ddsi (0)
              Storage              : 10240 Kbytes
              Storage threshold    : 1024 Kbytes
              Storage address      : Not available
              Locking              : default
              Memory mode          : Heap memory
              Builtin topics       : true
              Priority inheritance : false
Node        : fedora27.lab.local
Process     : Dealer <25617>
Thread      : spliced 7f0c280d0700
Internals   : V6.4.140320OSS/24b1387/24b1387/The OpenSplice domain service/u_domain.c/827/0/1521832708.811574135
========================================================================================
Report      : INFO
Date        : Fri Mar 23 14:18:28 CDT 2018
Description : ++++++++++++++++++++++++++++++++++++++++++++++++
              ++ The service 'splicedaemon' is now operational. 
              ++++++++++++++++++++++++++++++++++++++++++++++++
Node        : fedora27.lab.local
Process     : Dealer <25617>
Thread      : spliced 7f0c280d0700
Internals   : V6.4.140320OSS/24b1387/24b1387/v_serviceChangeState/v_service.c/329/0/1521832708.814341365
========================================================================================
Report      : INFO
Date        : Fri Mar 23 14:18:28 CDT 2018
Description : SOAP service is reachable via port 32845
Node        : fedora27.lab.local
Process     : Dealer <25617>
Thread      : cmsoap 7f0c2309f700
Internals   : V6.4.140320OSS/24b1387/24b1387/CM SOAP Service/cms_service.c/410/0/1521832708.822603141
========================================================================================
Report      : INFO
Date        : Fri Mar 23 14:18:28 CDT 2018
Description : ++++++++++++++++++++++++++++++++++++++++++++++++
              ++ The service 'cmsoap' is now operational. 
              ++++++++++++++++++++++++++++++++++++++++++++++++
Node        : fedora27.lab.local
Process     : Dealer <25617>
Thread      : cmsoap 7f0c2309f700
Internals   : V6.4.140320OSS/24b1387/24b1387/v_serviceChangeState/v_service.c/329/0/1521832708.823295411
========================================================================================
Report      : INFO
Date        : Fri Mar 23 14:18:28 CDT 2018
Description : ++++++++++++++++++++++++++++++++++++++++++++++++
              ++ The service 'ddsi2' is now operational. 
              ++++++++++++++++++++++++++++++++++++++++++++++++
Node        : fedora27.lab.local
Process     : Dealer <25617>
Thread      : ddsi2 7f0c229d0700
Internals   : V6.4.140320OSS/24b1387/24b1387/v_serviceChangeState/v_service.c/329/0/1521832708.824992814
========================================================================================
Report      : INFO
Date        : Fri Mar 23 14:18:29 CDT 2018
Description : ++++++++++++++++++++++++++++++++++++++++++++++++
              ++ The service 'durability' is now operational. 
              ++++++++++++++++++++++++++++++++++++++++++++++++
Node        : fedora27.lab.local
Process     : Player <25544>
Thread      : durability 7ff6cca96700
Internals   : V6.4.140320OSS/24b1387/24b1387/v_serviceChangeState/v_service.c/329/0/1521832709.181251293
========================================================================================
Report      : INFO
Date        : Fri Mar 23 14:18:29 CDT 2018
Description : The durability service can by identified by ID: 544252880
Node        : fedora27.lab.local
Process     : Dealer <25617>
Thread      : durability 7f0c22d3f700
Internals   : V6.4.140320OSS/24b1387/24b1387/DurabilityService/d_durability.c/476/0/1521832709.242171505
========================================================================================
Report      : INFO
Date        : Fri Mar 23 14:44:43 CDT 2018
Description : u_domainNew:Database allocated on heap
Node        : fedora27.lab.local
Process     : Player <25956>
Thread      : spliced 7fbddaa24700
Internals   : V6.4.140320OSS/24b1387/24b1387/user::u_domain::u_domainNew/u_domain.c/706/0/1521834283.979303526
========================================================================================
Report      : INFO
Date        : Fri Mar 23 14:44:43 CDT 2018
Description : ---------------------------------------------------------------
              -- The service is using the following configuration settings --
              ---------------------------------------------------------------
              Domain (id)          : ospl_sp_ddsi (0)
              Storage              : 10240 Kbytes
              Storage threshold    : 1024 Kbytes
              Storage address      : Not available
              Locking              : default
              Memory mode          : Heap memory
              Builtin topics       : true
              Priority inheritance : false
Node        : fedora27.lab.local
Process     : Player <25956>
Thread      : spliced 7fbddaa24700
Internals   : V6.4.140320OSS/24b1387/24b1387/The OpenSplice domain service/u_domain.c/827/0/1521834283.984063295
========================================================================================
Report      : INFO
Date        : Fri Mar 23 14:44:43 CDT 2018
Description : ++++++++++++++++++++++++++++++++++++++++++++++++
              ++ The service 'splicedaemon' is now operational. 
              ++++++++++++++++++++++++++++++++++++++++++++++++
Node        : fedora27.lab.local
Process     : Player <25956>
Thread      : spliced 7fbddaa24700
Internals   : V6.4.140320OSS/24b1387/24b1387/v_serviceChangeState/v_service.c/329/0/1521834283.985541964
========================================================================================
Report      : INFO
Date        : Fri Mar 23 14:44:43 CDT 2018
Description : SOAP service is reachable via port 45719
Node        : fedora27.lab.local
Process     : Player <25956>
Thread      : cmsoap 7fbdd59f3700
Internals   : V6.4.140320OSS/24b1387/24b1387/CM SOAP Service/cms_service.c/410/0/1521834283.987627199
========================================================================================
Report      : INFO
Date        : Fri Mar 23 14:44:43 CDT 2018
Description : ++++++++++++++++++++++++++++++++++++++++++++++++
              ++ The service 'cmsoap' is now operational. 
              ++++++++++++++++++++++++++++++++++++++++++++++++
Node        : fedora27.lab.local
Process     : Player <25956>
Thread      : cmsoap 7fbdd59f3700
Internals   : V6.4.140320OSS/24b1387/24b1387/v_serviceChangeState/v_service.c/329/0/1521834283.988001372
========================================================================================
Report      : INFO
Date        : Fri Mar 23 14:44:43 CDT 2018
Description : ++++++++++++++++++++++++++++++++++++++++++++++++
              ++ The service 'ddsi2' is now operational. 
              ++++++++++++++++++++++++++++++++++++++++++++++++
Node        : fedora27.lab.local
Process     : Player <25956>
Thread      : ddsi2 7fbdd5313700
Internals   : V6.4.140320OSS/24b1387/24b1387/v_serviceChangeState/v_service.c/329/0/1521834283.994583071
========================================================================================
Report      : INFO
Date        : Fri Mar 23 14:44:44 CDT 2018
Description : The durability service can by identified by ID: 1680681421
Node        : fedora27.lab.local
Process     : Player <25956>
Thread      : durability 7fbdd5693700
Internals   : V6.4.140320OSS/24b1387/24b1387/DurabilityService/d_durability.c/476/0/1521834284.729451897
========================================================================================
Report      : INFO
Date        : Fri Mar 23 14:44:48 CDT 2018
Description : u_domainNew:Database allocated on heap
Node        : fedora27.lab.local
Process     : Dealer <26029>
Thread      : spliced 7fa0bc514700
Internals   : V6.4.140320OSS/24b1387/24b1387/user::u_domain::u_domainNew/u_domain.c/706/0/1521834288.584381059
========================================================================================
Report      : INFO
Date        : Fri Mar 23 14:44:48 CDT 2018
Description : ---------------------------------------------------------------
              -- The service is using the following configuration settings --
              ---------------------------------------------------------------
              Domain (id)          : ospl_sp_ddsi (0)
              Storage              : 10240 Kbytes
              Storage threshold    : 1024 Kbytes
              Storage address      : Not available
              Locking              : default
              Memory mode          : Heap memory
              Builtin topics       : true
              Priority inheritance : false
Node        : fedora27.lab.local
Process     : Dealer <26029>
Thread      : spliced 7fa0bc514700
Internals   : V6.4.140320OSS/24b1387/24b1387/The OpenSplice domain service/u_domain.c/827/0/1521834288.589337058
========================================================================================
Report      : INFO
Date        : Fri Mar 23 14:44:48 CDT 2018
Description : ++++++++++++++++++++++++++++++++++++++++++++++++
              ++ The service 'splicedaemon' is now operational. 
              ++++++++++++++++++++++++++++++++++++++++++++++++
Node        : fedora27.lab.local
Process     : Dealer <26029>
Thread      : spliced 7fa0bc514700
Internals   : V6.4.140320OSS/24b1387/24b1387/v_serviceChangeState/v_service.c/329/0/1521834288.590937733
========================================================================================
Report      : INFO
Date        : Fri Mar 23 14:44:48 CDT 2018
Description : SOAP service is reachable via port 33231
Node        : fedora27.lab.local
Process     : Dealer <26029>
Thread      : cmsoap 7fa0b74e3700
Internals   : V6.4.140320OSS/24b1387/24b1387/CM SOAP Service/cms_service.c/410/0/1521834288.597994576
========================================================================================
Report      : INFO
Date        : Fri Mar 23 14:44:48 CDT 2018
Description : ++++++++++++++++++++++++++++++++++++++++++++++++
              ++ The service 'cmsoap' is now operational. 
              ++++++++++++++++++++++++++++++++++++++++++++++++
Node        : fedora27.lab.local
Process     : Dealer <26029>
Thread      : cmsoap 7fa0b74e3700
Internals   : V6.4.140320OSS/24b1387/24b1387/v_serviceChangeState/v_service.c/329/0/1521834288.598189919
========================================================================================
Report      : INFO
Date        : Fri Mar 23 14:44:48 CDT 2018
Description : ++++++++++++++++++++++++++++++++++++++++++++++++
              ++ The service 'ddsi2' is now operational. 
              ++++++++++++++++++++++++++++++++++++++++++++++++
Node        : fedora27.lab.local
Process     : Dealer <26029>
Thread      : ddsi2 7fa0b6e14700
Internals   : V6.4.140320OSS/24b1387/24b1387/v_serviceChangeState/v_service.c/329/0/1521834288.601475719
========================================================================================
Report      : INFO
Date        : Fri Mar 23 14:44:48 CDT 2018
Description : The durability service can by identified by ID: 14763981
Node        : fedora27.lab.local
Process     : Dealer <26029>
Thread      : durability 7fa0b7183700
Internals   : V6.4.140320OSS/24b1387/24b1387/DurabilityService/d_durability.c/476/0/1521834288.918301861
========================================================================================
Report      : INFO
Date        : Fri Mar 23 14:51:16 CDT 2018
Description : u_domainNew:Database allocated on heap
Node        : fedora27.lab.local
Process     : Player <26243>
Thread      : spliced 7f0adb7c8700
Internals   : V6.4.140320OSS/24b1387/24b1387/user::u_domain::u_domainNew/u_domain.c/706/0/1521834676.154462819
========================================================================================
Report      : INFO
Date        : Fri Mar 23 14:51:16 CDT 2018
Description : ---------------------------------------------------------------
              -- The service is using the following configuration settings --
              ---------------------------------------------------------------
              Domain (id)          : ospl_sp_ddsi (0)
              Storage              : 10240 Kbytes
              Storage threshold    : 1024 Kbytes
              Storage address      : Not available
              Locking              : default
              Memory mode          : Heap memory
              Builtin topics       : true
              Priority inheritance : false
Node        : fedora27.lab.local
Process     : Player <26243>
Thread      : spliced 7f0adb7c8700
Internals   : V6.4.140320OSS/24b1387/24b1387/The OpenSplice domain service/u_domain.c/827/0/1521834676.158793010
========================================================================================
Report      : INFO
Date        : Fri Mar 23 14:51:16 CDT 2018
Description : ++++++++++++++++++++++++++++++++++++++++++++++++
              ++ The service 'splicedaemon' is now operational. 
              ++++++++++++++++++++++++++++++++++++++++++++++++
Node        : fedora27.lab.local
Process     : Player <26243>
Thread      : spliced 7f0adb7c8700
Internals   : V6.4.140320OSS/24b1387/24b1387/v_serviceChangeState/v_service.c/329/0/1521834676.160158212
========================================================================================
Report      : INFO
Date        : Fri Mar 23 14:51:16 CDT 2018
Description : SOAP service is reachable via port 36775
Node        : fedora27.lab.local
Process     : Player <26243>
Thread      : cmsoap 7f0ad6797700
Internals   : V6.4.140320OSS/24b1387/24b1387/CM SOAP Service/cms_service.c/410/0/1521834676.162892462
========================================================================================
Report      : INFO
Date        : Fri Mar 23 14:51:16 CDT 2018
Description : ++++++++++++++++++++++++++++++++++++++++++++++++
              ++ The service 'cmsoap' is now operational. 
              ++++++++++++++++++++++++++++++++++++++++++++++++
Node        : fedora27.lab.local
Process     : Player <26243>
Thread      : cmsoap 7f0ad6797700
Internals   : V6.4.140320OSS/24b1387/24b1387/v_serviceChangeState/v_service.c/329/0/1521834676.163301140
========================================================================================
Report      : INFO
Date        : Fri Mar 23 14:51:16 CDT 2018
Description : ++++++++++++++++++++++++++++++++++++++++++++++++
              ++ The service 'ddsi2' is now operational. 
              ++++++++++++++++++++++++++++++++++++++++++++++++
Node        : fedora27.lab.local
Process     : Player <26243>
Thread      : ddsi2 7f0ad6062700
Internals   : V6.4.140320OSS/24b1387/24b1387/v_serviceChangeState/v_service.c/329/0/1521834676.169935377
========================================================================================
Report      : INFO
Date        : Fri Mar 23 14:51:16 CDT 2018
Description : The durability service can by identified by ID: 704093461
Node        : fedora27.lab.local
Process     : Player <26243>
Thread      : durability 7f0ad6437700
Internals   : V6.4.140320OSS/24b1387/24b1387/DurabilityService/d_durability.c/476/0/1521834676.980243984
========================================================================================
Report      : INFO
Date        : Fri Mar 23 14:51:22 CDT 2018
Description : u_domainNew:Database allocated on heap
Node        : fedora27.lab.local
Process     : Dealer <26316>
Thread      : spliced 7f1e3cf5e700
Internals   : V6.4.140320OSS/24b1387/24b1387/user::u_domain::u_domainNew/u_domain.c/706/0/1521834682.858158838
========================================================================================
Report      : INFO
Date        : Fri Mar 23 14:51:22 CDT 2018
Description : ---------------------------------------------------------------
              -- The service is using the following configuration settings --
              ---------------------------------------------------------------
              Domain (id)          : ospl_sp_ddsi (0)
              Storage              : 10240 Kbytes
              Storage threshold    : 1024 Kbytes
              Storage address      : Not available
              Locking              : default
              Memory mode          : Heap memory
              Builtin topics       : true
              Priority inheritance : false
Node        : fedora27.lab.local
Process     : Dealer <26316>
Thread      : spliced 7f1e3cf5e700
Internals   : V6.4.140320OSS/24b1387/24b1387/The OpenSplice domain service/u_domain.c/827/0/1521834682.863206119
========================================================================================
Report      : INFO
Date        : Fri Mar 23 14:51:22 CDT 2018
Description : ++++++++++++++++++++++++++++++++++++++++++++++++
              ++ The service 'splicedaemon' is now operational. 
              ++++++++++++++++++++++++++++++++++++++++++++++++
Node        : fedora27.lab.local
Process     : Dealer <26316>
Thread      : spliced 7f1e3cf5e700
Internals   : V6.4.140320OSS/24b1387/24b1387/v_serviceChangeState/v_service.c/329/0/1521834682.864104483
========================================================================================
Report      : INFO
Date        : Fri Mar 23 14:51:22 CDT 2018
Description : SOAP service is reachable via port 38403
Node        : fedora27.lab.local
Process     : Dealer <26316>
Thread      : cmsoap 7f1e3813d700
Internals   : V6.4.140320OSS/24b1387/24b1387/CM SOAP Service/cms_service.c/410/0/1521834682.867739520
========================================================================================
Report      : INFO
Date        : Fri Mar 23 14:51:22 CDT 2018
Description : ++++++++++++++++++++++++++++++++++++++++++++++++
              ++ The service 'cmsoap' is now operational. 
              ++++++++++++++++++++++++++++++++++++++++++++++++
Node        : fedora27.lab.local
Process     : Dealer <26316>
Thread      : cmsoap 7f1e3813d700
Internals   : V6.4.140320OSS/24b1387/24b1387/v_serviceChangeState/v_service.c/329/0/1521834682.869685418
========================================================================================
Report      : INFO
Date        : Fri Mar 23 14:51:22 CDT 2018
Description : ++++++++++++++++++++++++++++++++++++++++++++++++
              ++ The service 'ddsi2' is now operational. 
              ++++++++++++++++++++++++++++++++++++++++++++++++
Node        : fedora27.lab.local
Process     : Dealer <26316>
Thread      : ddsi2 7f1e1b821700
Internals   : V6.4.140320OSS/24b1387/24b1387/v_serviceChangeState/v_service.c/329/0/1521834682.872756361
========================================================================================
Report      : INFO
Date        : Fri Mar 23 14:51:23 CDT 2018
Description : The durability service can by identified by ID: 1409515672
Node        : fedora27.lab.local
Process     : Dealer <26316>
Thread      : durability 7f1e1bb90700
Internals   : V6.4.140320OSS/24b1387/24b1387/DurabilityService/d_durability.c/476/0/1521834683.183854337
========================================================================================
Report      : INFO
Date        : Fri Mar 23 14:51:30 CDT 2018
Description : ++++++++++++++++++++++++++++++++++++++++++++++++
              ++ The service 'durability' is now operational. 
              ++++++++++++++++++++++++++++++++++++++++++++++++
Node        : fedora27.lab.local
Process     : Dealer <26316>
Thread      : durability 7f1e1bb90700
Internals   : V6.4.140320OSS/24b1387/24b1387/v_serviceChangeState/v_service.c/329/0/1521834690.419149985
========================================================================================
Report      : WARNING
Date        : Fri Mar 23 14:51:34 CDT 2018
Description : Missed heartbeat for node - heartbeat id : 704093461. (DCPSPublication state 1)
Node        : fedora27.lab.local
Process     : Dealer <26316>
Thread      : OSPL Garbage Collector 7f1e38436700
Internals   : V6.4.140320OSS/24b1387/24b1387/v_spliced/v_spliced.c/2439/0/1521834694.874182592
========================================================================================
Report      : INFO
Date        : Fri Mar 23 14:51:50 CDT 2018
Description : Termination request (signal 2) received from PID 26316 (self), UID 1000
Node        : fedora27.lab.local
Process     : Dealer <26316>
Thread      : signalHandler 7f1e38a44700
Internals   : V6.4.140320OSS/24b1387/24b1387/signalHandlerThread/os_signalHandler.c/503/0/1521834710.974821689
========================================================================================
Report      : INFO
Date        : Fri Mar 23 14:53:45 CDT 2018
Description : u_domainNew:Database allocated on heap
Node        : fedora27.lab.local
Process     : Player <26497>
Thread      : spliced 7f8287ced700
Internals   : V6.4.140320OSS/24b1387/24b1387/user::u_domain::u_domainNew/u_domain.c/706/0/1521834825.812345774
========================================================================================
Report      : INFO
Date        : Fri Mar 23 14:53:45 CDT 2018
Description : ---------------------------------------------------------------
              -- The service is using the following configuration settings --
              ---------------------------------------------------------------
              Domain (id)          : ospl_sp_ddsi (0)
              Storage              : 10240 Kbytes
              Storage threshold    : 1024 Kbytes
              Storage address      : Not available
              Locking              : default
              Memory mode          : Heap memory
              Builtin topics       : true
              Priority inheritance : false
Node        : fedora27.lab.local
Process     : Player <26497>
Thread      : spliced 7f8287ced700
Internals   : V6.4.140320OSS/24b1387/24b1387/The OpenSplice domain service/u_domain.c/827/0/1521834825.816572047
========================================================================================
Report      : INFO
Date        : Fri Mar 23 14:53:45 CDT 2018
Description : ++++++++++++++++++++++++++++++++++++++++++++++++
              ++ The service 'splicedaemon' is now operational. 
              ++++++++++++++++++++++++++++++++++++++++++++++++
Node        : fedora27.lab.local
Process     : Player <26497>
Thread      : spliced 7f8287ced700
Internals   : V6.4.140320OSS/24b1387/24b1387/v_serviceChangeState/v_service.c/329/0/1521834825.817737619
========================================================================================
Report      : INFO
Date        : Fri Mar 23 14:53:45 CDT 2018
Description : SOAP service is reachable via port 44985
Node        : fedora27.lab.local
Process     : Player <26497>
Thread      : cmsoap 7f8282cbc700
Internals   : V6.4.140320OSS/24b1387/24b1387/CM SOAP Service/cms_service.c/410/0/1521834825.819187950
========================================================================================
Report      : INFO
Date        : Fri Mar 23 14:53:45 CDT 2018
Description : ++++++++++++++++++++++++++++++++++++++++++++++++
              ++ The service 'cmsoap' is now operational. 
              ++++++++++++++++++++++++++++++++++++++++++++++++
Node        : fedora27.lab.local
Process     : Player <26497>
Thread      : cmsoap 7f8282cbc700
Internals   : V6.4.140320OSS/24b1387/24b1387/v_serviceChangeState/v_service.c/329/0/1521834825.819888670
========================================================================================
Report      : INFO
Date        : Fri Mar 23 14:53:45 CDT 2018
Description : ++++++++++++++++++++++++++++++++++++++++++++++++
              ++ The service 'ddsi2' is now operational. 
              ++++++++++++++++++++++++++++++++++++++++++++++++
Node        : fedora27.lab.local
Process     : Player <26497>
Thread      : ddsi2 7f82825ed700
Internals   : V6.4.140320OSS/24b1387/24b1387/v_serviceChangeState/v_service.c/329/0/1521834825.824073075
========================================================================================
Report      : INFO
Date        : Fri Mar 23 14:53:46 CDT 2018
Description : The durability service can by identified by ID: 1810854940
Node        : fedora27.lab.local
Process     : Player <26497>
Thread      : durability 7f828295c700
Internals   : V6.4.140320OSS/24b1387/24b1387/DurabilityService/d_durability.c/476/0/1521834826.437468764
========================================================================================
Report      : INFO
Date        : Fri Mar 23 14:53:53 CDT 2018
Description : ++++++++++++++++++++++++++++++++++++++++++++++++
              ++ The service 'durability' is now operational. 
              ++++++++++++++++++++++++++++++++++++++++++++++++
Node        : fedora27.lab.local
Process     : Player <26497>
Thread      : durability 7f828295c700
Internals   : V6.4.140320OSS/24b1387/24b1387/v_serviceChangeState/v_service.c/329/0/1521834833.527184070
========================================================================================
Report      : INFO
Date        : Fri Mar 23 14:53:59 CDT 2018
Description : u_domainNew:Database allocated on heap
Node        : fedora27.lab.local
Process     : Dealer <26570>
Thread      : spliced 7f635e593700
Internals   : V6.4.140320OSS/24b1387/24b1387/user::u_domain::u_domainNew/u_domain.c/706/0/1521834839.770251118
========================================================================================
Report      : INFO
Date        : Fri Mar 23 14:53:59 CDT 2018
Description : ---------------------------------------------------------------
              -- The service is using the following configuration settings --
              ---------------------------------------------------------------
              Domain (id)          : ospl_sp_ddsi (0)
              Storage              : 10240 Kbytes
              Storage threshold    : 1024 Kbytes
              Storage address      : Not available
              Locking              : default
              Memory mode          : Heap memory
              Builtin topics       : true
              Priority inheritance : false
Node        : fedora27.lab.local
Process     : Dealer <26570>
Thread      : spliced 7f635e593700
Internals   : V6.4.140320OSS/24b1387/24b1387/The OpenSplice domain service/u_domain.c/827/0/1521834839.774173038
========================================================================================
Report      : INFO
Date        : Fri Mar 23 14:53:59 CDT 2018
Description : ++++++++++++++++++++++++++++++++++++++++++++++++
              ++ The service 'splicedaemon' is now operational. 
              ++++++++++++++++++++++++++++++++++++++++++++++++
Node        : fedora27.lab.local
Process     : Dealer <26570>
Thread      : spliced 7f635e593700
Internals   : V6.4.140320OSS/24b1387/24b1387/v_serviceChangeState/v_service.c/329/0/1521834839.781609393
========================================================================================
Report      : INFO
Date        : Fri Mar 23 14:53:59 CDT 2018
Description : SOAP service is reachable via port 37383
Node        : fedora27.lab.local
Process     : Dealer <26570>
Thread      : cmsoap 7f6359562700
Internals   : V6.4.140320OSS/24b1387/24b1387/CM SOAP Service/cms_service.c/410/0/1521834839.784184233
========================================================================================
Report      : INFO
Date        : Fri Mar 23 14:53:59 CDT 2018
Description : ++++++++++++++++++++++++++++++++++++++++++++++++
              ++ The service 'cmsoap' is now operational. 
              ++++++++++++++++++++++++++++++++++++++++++++++++
Node        : fedora27.lab.local
Process     : Dealer <26570>
Thread      : cmsoap 7f6359562700
Internals   : V6.4.140320OSS/24b1387/24b1387/v_serviceChangeState/v_service.c/329/0/1521834839.785203825
========================================================================================
Report      : INFO
Date        : Fri Mar 23 14:53:59 CDT 2018
Description : ++++++++++++++++++++++++++++++++++++++++++++++++
              ++ The service 'ddsi2' is now operational. 
              ++++++++++++++++++++++++++++++++++++++++++++++++
Node        : fedora27.lab.local
Process     : Dealer <26570>
Thread      : ddsi2 7f6358e93700
Internals   : V6.4.140320OSS/24b1387/24b1387/v_serviceChangeState/v_service.c/329/0/1521834839.788488590
========================================================================================
Report      : INFO
Date        : Fri Mar 23 14:53:59 CDT 2018
Description : The durability service can by identified by ID: 1608983403
Node        : fedora27.lab.local
Process     : Dealer <26570>
Thread      : durability 7f6359202700
Internals   : V6.4.140320OSS/24b1387/24b1387/DurabilityService/d_durability.c/476/0/1521834839.795955112
========================================================================================
Report      : INFO
Date        : Fri Mar 23 14:54:07 CDT 2018
Description : ++++++++++++++++++++++++++++++++++++++++++++++++
              ++ The service 'durability' is now operational. 
              ++++++++++++++++++++++++++++++++++++++++++++++++
Node        : fedora27.lab.local
Process     : Dealer <26570>
Thread      : durability 7f6359202700
Internals   : V6.4.140320OSS/24b1387/24b1387/v_serviceChangeState/v_service.c/329/0/1521834847.001990795
========================================================================================
Report      : WARNING
Date        : Fri Mar 23 14:54:13 CDT 2018
Description : Missed heartbeat for node - heartbeat id : 1810854940. (DCPSPublication state 1)
Node        : fedora27.lab.local
Process     : Dealer <26570>
Thread      : OSPL Garbage Collector 7f6359a6b700
Internals   : V6.4.140320OSS/24b1387/24b1387/v_spliced/v_spliced.c/2439/0/1521834853.789008766
========================================================================================
Report      : INFO
Date        : Fri Mar 23 14:55:18 CDT 2018
Description : Termination request (signal 2) received from PID 26570 (self), UID 1000
Node        : fedora27.lab.local
Process     : Dealer <26570>
Thread      : signalHandler 7f635a079700
Internals   : V6.4.140320OSS/24b1387/24b1387/signalHandlerThread/os_signalHandler.c/503/0/1521834918.453888126
========================================================================================
Report      : INFO
Date        : Fri Mar 23 18:37:49 CDT 2018
Description : u_domainNew:Database allocated on heap
Node        : fedora27.lab.local
Process     : Player <26888>
Thread      : spliced 7f3f162c8700
Internals   : V6.4.140320OSS/24b1387/24b1387/user::u_domain::u_domainNew/u_domain.c/706/0/1521848269.662629550
========================================================================================
Report      : INFO
Date        : Fri Mar 23 18:37:49 CDT 2018
Description : ---------------------------------------------------------------
              -- The service is using the following configuration settings --
              ---------------------------------------------------------------
              Domain (id)          : ospl_sp_ddsi (0)
              Storage              : 10240 Kbytes
              Storage threshold    : 1024 Kbytes
              Storage address      : Not available
              Locking              : default
              Memory mode          : Heap memory
              Builtin topics       : true
              Priority inheritance : false
Node        : fedora27.lab.local
Process     : Player <26888>
Thread      : spliced 7f3f162c8700
Internals   : V6.4.140320OSS/24b1387/24b1387/The OpenSplice domain service/u_domain.c/827/0/1521848269.667239167
========================================================================================
Report      : INFO
Date        : Fri Mar 23 18:37:49 CDT 2018
Description : ++++++++++++++++++++++++++++++++++++++++++++++++
              ++ The service 'splicedaemon' is now operational. 
              ++++++++++++++++++++++++++++++++++++++++++++++++
Node        : fedora27.lab.local
Process     : Player <26888>
Thread      : spliced 7f3f162c8700
Internals   : V6.4.140320OSS/24b1387/24b1387/v_serviceChangeState/v_service.c/329/0/1521848269.670003799
========================================================================================
Report      : INFO
Date        : Fri Mar 23 18:37:49 CDT 2018
Description : SOAP service is reachable via port 38387
Node        : fedora27.lab.local
Process     : Player <26888>
Thread      : cmsoap 7f3f11297700
Internals   : V6.4.140320OSS/24b1387/24b1387/CM SOAP Service/cms_service.c/410/0/1521848269.673702396
========================================================================================
Report      : INFO
Date        : Fri Mar 23 18:37:49 CDT 2018
Description : ++++++++++++++++++++++++++++++++++++++++++++++++
              ++ The service 'cmsoap' is now operational. 
              ++++++++++++++++++++++++++++++++++++++++++++++++
Node        : fedora27.lab.local
Process     : Player <26888>
Thread      : cmsoap 7f3f11297700
Internals   : V6.4.140320OSS/24b1387/24b1387/v_serviceChangeState/v_service.c/329/0/1521848269.675048553
========================================================================================
Report      : INFO
Date        : Fri Mar 23 18:37:49 CDT 2018
Description : ++++++++++++++++++++++++++++++++++++++++++++++++
              ++ The service 'ddsi2' is now operational. 
              ++++++++++++++++++++++++++++++++++++++++++++++++
Node        : fedora27.lab.local
Process     : Player <26888>
Thread      : ddsi2 7f3f10bb7700
Internals   : V6.4.140320OSS/24b1387/24b1387/v_serviceChangeState/v_service.c/329/0/1521848269.679976861
========================================================================================
Report      : INFO
Date        : Fri Mar 23 18:37:50 CDT 2018
Description : The durability service can by identified by ID: 1036169271
Node        : fedora27.lab.local
Process     : Player <26888>
Thread      : durability 7f3f10f37700
Internals   : V6.4.140320OSS/24b1387/24b1387/DurabilityService/d_durability.c/476/0/1521848270.402131220
========================================================================================
Report      : INFO
Date        : Fri Mar 23 18:37:57 CDT 2018
Description : ++++++++++++++++++++++++++++++++++++++++++++++++
              ++ The service 'durability' is now operational. 
              ++++++++++++++++++++++++++++++++++++++++++++++++
Node        : fedora27.lab.local
Process     : Player <26888>
Thread      : durability 7f3f10f37700
Internals   : V6.4.140320OSS/24b1387/24b1387/v_serviceChangeState/v_service.c/329/0/1521848277.514037815
========================================================================================
Report      : INFO
Date        : Fri Mar 23 18:38:00 CDT 2018
Description : u_domainNew:Database allocated on heap
Node        : fedora27.lab.local
Process     : Dealer <26968>
Thread      : spliced 7f0c8f80b700
Internals   : V6.4.140320OSS/24b1387/24b1387/user::u_domain::u_domainNew/u_domain.c/706/0/1521848280.091380227
========================================================================================
Report      : INFO
Date        : Fri Mar 23 18:38:00 CDT 2018
Description : ---------------------------------------------------------------
              -- The service is using the following configuration settings --
              ---------------------------------------------------------------
              Domain (id)          : ospl_sp_ddsi (0)
              Storage              : 10240 Kbytes
              Storage threshold    : 1024 Kbytes
              Storage address      : Not available
              Locking              : default
              Memory mode          : Heap memory
              Builtin topics       : true
              Priority inheritance : false
Node        : fedora27.lab.local
Process     : Dealer <26968>
Thread      : spliced 7f0c8f80b700
Internals   : V6.4.140320OSS/24b1387/24b1387/The OpenSplice domain service/u_domain.c/827/0/1521848280.097145037
========================================================================================
Report      : INFO
Date        : Fri Mar 23 18:38:00 CDT 2018
Description : ++++++++++++++++++++++++++++++++++++++++++++++++
              ++ The service 'splicedaemon' is now operational. 
              ++++++++++++++++++++++++++++++++++++++++++++++++
Node        : fedora27.lab.local
Process     : Dealer <26968>
Thread      : spliced 7f0c8f80b700
Internals   : V6.4.140320OSS/24b1387/24b1387/v_serviceChangeState/v_service.c/329/0/1521848280.097885428
========================================================================================
Report      : INFO
Date        : Fri Mar 23 18:38:00 CDT 2018
Description : SOAP service is reachable via port 45419
Node        : fedora27.lab.local
Process     : Dealer <26968>
Thread      : cmsoap 7f0c8a7da700
Internals   : V6.4.140320OSS/24b1387/24b1387/CM SOAP Service/cms_service.c/410/0/1521848280.104667757
========================================================================================
Report      : INFO
Date        : Fri Mar 23 18:38:00 CDT 2018
Description : ++++++++++++++++++++++++++++++++++++++++++++++++
              ++ The service 'cmsoap' is now operational. 
              ++++++++++++++++++++++++++++++++++++++++++++++++
Node        : fedora27.lab.local
Process     : Dealer <26968>
Thread      : cmsoap 7f0c8a7da700
Internals   : V6.4.140320OSS/24b1387/24b1387/v_serviceChangeState/v_service.c/329/0/1521848280.104909828
========================================================================================
Report      : INFO
Date        : Fri Mar 23 18:38:00 CDT 2018
Description : ++++++++++++++++++++++++++++++++++++++++++++++++
              ++ The service 'ddsi2' is now operational. 
              ++++++++++++++++++++++++++++++++++++++++++++++++
Node        : fedora27.lab.local
Process     : Dealer <26968>
Thread      : ddsi2 7f0c8a10b700
Internals   : V6.4.140320OSS/24b1387/24b1387/v_serviceChangeState/v_service.c/329/0/1521848280.112151585
========================================================================================
Report      : INFO
Date        : Fri Mar 23 18:38:00 CDT 2018
Description : The durability service can by identified by ID: 1527930073
Node        : fedora27.lab.local
Process     : Dealer <26968>
Thread      : durability 7f0c8a47a700
Internals   : V6.4.140320OSS/24b1387/24b1387/DurabilityService/d_durability.c/476/0/1521848280.623669585
========================================================================================
Report      : INFO
Date        : Fri Mar 23 18:42:04 CDT 2018
Description : u_domainNew:Database allocated on heap
Node        : fedora27.lab.local
Process     : Player <27185>
Thread      : spliced 7fb8bd38c700
Internals   : V6.4.140320OSS/24b1387/24b1387/user::u_domain::u_domainNew/u_domain.c/706/0/1521848524.785355929
========================================================================================
Report      : INFO
Date        : Fri Mar 23 18:42:04 CDT 2018
Description : ---------------------------------------------------------------
              -- The service is using the following configuration settings --
              ---------------------------------------------------------------
              Domain (id)          : ospl_sp_ddsi (0)
              Storage              : 10240 Kbytes
              Storage threshold    : 1024 Kbytes
              Storage address      : Not available
              Locking              : default
              Memory mode          : Heap memory
              Builtin topics       : true
              Priority inheritance : false
Node        : fedora27.lab.local
Process     : Player <27185>
Thread      : spliced 7fb8bd38c700
Internals   : V6.4.140320OSS/24b1387/24b1387/The OpenSplice domain service/u_domain.c/827/0/1521848524.789821983
========================================================================================
Report      : INFO
Date        : Fri Mar 23 18:42:04 CDT 2018
Description : ++++++++++++++++++++++++++++++++++++++++++++++++
              ++ The service 'splicedaemon' is now operational. 
              ++++++++++++++++++++++++++++++++++++++++++++++++
Node        : fedora27.lab.local
Process     : Player <27185>
Thread      : spliced 7fb8bd38c700
Internals   : V6.4.140320OSS/24b1387/24b1387/v_serviceChangeState/v_service.c/329/0/1521848524.790826669
========================================================================================
Report      : INFO
Date        : Fri Mar 23 18:42:04 CDT 2018
Description : SOAP service is reachable via port 43119
Node        : fedora27.lab.local
Process     : Player <27185>
Thread      : cmsoap 7fb8b835b700
Internals   : V6.4.140320OSS/24b1387/24b1387/CM SOAP Service/cms_service.c/410/0/1521848524.792763645
========================================================================================
Report      : INFO
Date        : Fri Mar 23 18:42:04 CDT 2018
Description : ++++++++++++++++++++++++++++++++++++++++++++++++
              ++ The service 'cmsoap' is now operational. 
              ++++++++++++++++++++++++++++++++++++++++++++++++
Node        : fedora27.lab.local
Process     : Player <27185>
Thread      : cmsoap 7fb8b835b700
Internals   : V6.4.140320OSS/24b1387/24b1387/v_serviceChangeState/v_service.c/329/0/1521848524.793264339
========================================================================================
Report      : INFO
Date        : Fri Mar 23 18:42:04 CDT 2018
Description : ++++++++++++++++++++++++++++++++++++++++++++++++
              ++ The service 'ddsi2' is now operational. 
              ++++++++++++++++++++++++++++++++++++++++++++++++
Node        : fedora27.lab.local
Process     : Player <27185>
Thread      : ddsi2 7fb8b8148700
Internals   : V6.4.140320OSS/24b1387/24b1387/v_serviceChangeState/v_service.c/329/0/1521848524.800934787
========================================================================================
Report      : INFO
Date        : Fri Mar 23 18:42:05 CDT 2018
Description : The durability service can by identified by ID: 1657325558
Node        : fedora27.lab.local
Process     : Player <27185>
Thread      : durability 7fb8b825a700
Internals   : V6.4.140320OSS/24b1387/24b1387/DurabilityService/d_durability.c/476/0/1521848525.711950080
========================================================================================
Report      : INFO
Date        : Fri Mar 23 18:42:09 CDT 2018
Description : u_domainNew:Database allocated on heap
Node        : fedora27.lab.local
Process     : Dealer <27258>
Thread      : spliced 7f85b2c0f700
Internals   : V6.4.140320OSS/24b1387/24b1387/user::u_domain::u_domainNew/u_domain.c/706/0/1521848529.269788673
========================================================================================
Report      : INFO
Date        : Fri Mar 23 18:42:09 CDT 2018
Description : ---------------------------------------------------------------
              -- The service is using the following configuration settings --
              ---------------------------------------------------------------
              Domain (id)          : ospl_sp_ddsi (0)
              Storage              : 10240 Kbytes
              Storage threshold    : 1024 Kbytes
              Storage address      : Not available
              Locking              : default
              Memory mode          : Heap memory
              Builtin topics       : true
              Priority inheritance : false
Node        : fedora27.lab.local
Process     : Dealer <27258>
Thread      : spliced 7f85b2c0f700
Internals   : V6.4.140320OSS/24b1387/24b1387/The OpenSplice domain service/u_domain.c/827/0/1521848529.274510140
========================================================================================
Report      : INFO
Date        : Fri Mar 23 18:42:09 CDT 2018
Description : ++++++++++++++++++++++++++++++++++++++++++++++++
              ++ The service 'splicedaemon' is now operational. 
              ++++++++++++++++++++++++++++++++++++++++++++++++
Node        : fedora27.lab.local
Process     : Dealer <27258>
Thread      : spliced 7f85b2c0f700
Internals   : V6.4.140320OSS/24b1387/24b1387/v_serviceChangeState/v_service.c/329/0/1521848529.279747140
========================================================================================
Report      : INFO
Date        : Fri Mar 23 18:42:09 CDT 2018
Description : SOAP service is reachable via port 42299
Node        : fedora27.lab.local
Process     : Dealer <27258>
Thread      : cmsoap 7f85adbde700
Internals   : V6.4.140320OSS/24b1387/24b1387/CM SOAP Service/cms_service.c/410/0/1521848529.281762029
========================================================================================
Report      : INFO
Date        : Fri Mar 23 18:42:09 CDT 2018
Description : ++++++++++++++++++++++++++++++++++++++++++++++++
              ++ The service 'cmsoap' is now operational. 
              ++++++++++++++++++++++++++++++++++++++++++++++++
Node        : fedora27.lab.local
Process     : Dealer <27258>
Thread      : cmsoap 7f85adbde700
Internals   : V6.4.140320OSS/24b1387/24b1387/v_serviceChangeState/v_service.c/329/0/1521848529.282038185
========================================================================================
Report      : INFO
Date        : Fri Mar 23 18:42:09 CDT 2018
Description : ++++++++++++++++++++++++++++++++++++++++++++++++
              ++ The service 'ddsi2' is now operational. 
              ++++++++++++++++++++++++++++++++++++++++++++++++
Node        : fedora27.lab.local
Process     : Dealer <27258>
Thread      : ddsi2 7f85ad4ed700
Internals   : V6.4.140320OSS/24b1387/24b1387/v_serviceChangeState/v_service.c/329/0/1521848529.289412987
========================================================================================
Report      : INFO
Date        : Fri Mar 23 18:42:09 CDT 2018
Description : The durability service can by identified by ID: 2384352
Node        : fedora27.lab.local
Process     : Dealer <27258>
Thread      : durability 7f85ad87e700
Internals   : V6.4.140320OSS/24b1387/24b1387/DurabilityService/d_durability.c/476/0/1521848529.900988116
========================================================================================
Report      : INFO
Date        : Fri Mar 23 18:42:18 CDT 2018
Description : ++++++++++++++++++++++++++++++++++++++++++++++++
              ++ The service 'durability' is now operational. 
              ++++++++++++++++++++++++++++++++++++++++++++++++
Node        : fedora27.lab.local
Process     : Player <27185>
Thread      : durability 7fb8b825a700
Internals   : V6.4.140320OSS/24b1387/24b1387/v_serviceChangeState/v_service.c/329/0/1521848538.548095896
========================================================================================
Report      : INFO
Date        : Fri Mar 23 18:42:21 CDT 2018
Description : ++++++++++++++++++++++++++++++++++++++++++++++++
              ++ The service 'durability' is now operational. 
              ++++++++++++++++++++++++++++++++++++++++++++++++
Node        : fedora27.lab.local
Process     : Dealer <27258>
Thread      : durability 7f85ad87e700
Internals   : V6.4.140320OSS/24b1387/24b1387/v_serviceChangeState/v_service.c/329/0/1521848541.095667881
========================================================================================
Report      : INFO
Date        : Fri Mar 23 18:42:46 CDT 2018
Description : Termination request (signal 2) received from PID 27258 (self), UID 1000
Node        : fedora27.lab.local
Process     : Dealer <27258>
Thread      : signalHandler 7f85ae6f5700
Internals   : V6.4.140320OSS/24b1387/24b1387/signalHandlerThread/os_signalHandler.c/503/0/1521848566.476349441
========================================================================================
Report      : WARNING
Date        : Fri Mar 23 18:42:56 CDT 2018
Description : Missed heartbeat for node - heartbeat id : 2384352. (DCPSPublication state 1)
Node        : fedora27.lab.local
Process     : Player <27185>
Thread      : OSPL Garbage Collector 7fb8b8864700
Internals   : V6.4.140320OSS/24b1387/24b1387/v_spliced/v_spliced.c/2439/0/1521848576.824726818
========================================================================================
Report      : INFO
Date        : Fri Mar 23 18:43:20 CDT 2018
Description : Termination request (signal 2) received from PID 27185 (self), UID 1000
Node        : fedora27.lab.local
Process     : Player <27185>
Thread      : signalHandler 7fb8b8e72700
Internals   : V6.4.140320OSS/24b1387/24b1387/signalHandlerThread/os_signalHandler.c/503/0/1521848600.744655899
