========================================================================================
Report      : API_INFO
Date        : Tue Mar 20 00:01:15 CDT 2018
Description : for topic <Dealer> lookup typeSupport failed 
Node        : fedora27.lab.local
Process     : Player <7202>
Thread      : main thread 7f4d64765740
Internals   : V6.4.140320OSS/24b1387/24b1387/gapi_domainParticipant_create_topic/gapi_domainParticipant.c/1449/0/1521522075.864524462
========================================================================================
Report      : API_INFO
Date        : Tue Mar 20 00:02:26 CDT 2018
Description : for topic <Dealer> lookup typeSupport failed 
Node        : fedora27.lab.local
Process     : Player <7262>
Thread      : main thread 7fbdd57ed740
Internals   : V6.4.140320OSS/24b1387/24b1387/gapi_domainParticipant_create_topic/gapi_domainParticipant.c/1449/0/1521522146.763625994
========================================================================================
Report      : API_INFO
Date        : Tue Mar 20 00:03:24 CDT 2018
Description : for topic <Dealer> lookup typeSupport failed 
Node        : fedora27.lab.local
Process     : Player <7358>
Thread      : main thread 7f91fa7c8740
Internals   : V6.4.140320OSS/24b1387/24b1387/gapi_domainParticipant_create_topic/gapi_domainParticipant.c/1449/0/1521522204.957437044
========================================================================================
Report      : API_INFO
Date        : Tue Mar 20 00:08:52 CDT 2018
Description : for topic <Dealer> lookup typeSupport failed 
Node        : fedora27.lab.local
Process     : Player <7495>
Thread      : main thread 7fe07350f740
Internals   : V6.4.140320OSS/24b1387/24b1387/gapi_domainParticipant_create_topic/gapi_domainParticipant.c/1449/0/1521522532.109929818
